<?xml version="1.0" encoding="UTF-8"?>
<testng-results skipped="0" failed="1" ignored="0" total="7" passed="6">
  <reporter-output>
  </reporter-output>
  <suite name="Default suite" duration-ms="139351" started-at="2020-02-06T06:29:07 GMT" finished-at="2020-02-06T06:31:26 GMT">
    <groups>
    </groups>
    <test name="Default test" duration-ms="139351" started-at="2020-02-06T06:29:07 GMT" finished-at="2020-02-06T06:31:26 GMT">
      <class name="com.amazon.testpage.LoginTest">
        <test-method status="PASS" signature="beforeClass()[pri:0, instance:com.amazon.testpage.LoginTest@1060b431]" name="beforeClass" is-config="true" duration-ms="16288" started-at="2020-02-06T06:29:07 GMT" finished-at="2020-02-06T06:29:23 GMT">
          <reporter-output>
          </reporter-output>
        </test-method> <!-- beforeClass -->
        <test-method status="PASS" signature="beforeMethod()[pri:0, instance:com.amazon.testpage.LoginTest@1060b431]" name="beforeMethod" is-config="true" duration-ms="3560" started-at="2020-02-06T06:29:25 GMT" finished-at="2020-02-06T06:29:29 GMT">
          <reporter-output>
          </reporter-output>
        </test-method> <!-- beforeMethod -->
        <test-method status="PASS" signature="ScenarioFive(java.lang.String, java.lang.String, java.lang.String, java.lang.String, java.lang.String, java.lang.String, java.lang.String)[pri:0, instance:com.amazon.testpage.LoginTest@1060b431]" name="ScenarioFive" duration-ms="5741" started-at="2020-02-06T06:29:29 GMT" data-provider="getdatalogin" finished-at="2020-02-06T06:29:35 GMT">
          <params>
            <param index="0">
              <value>
                <![CDATA[g.gaurav2812@gmail.com]]>
              </value>
            </param>
            <param index="1">
              <value>
                <![CDATA[TWF1bGlAMjgxMiQ=]]>
              </value>
            </param>
            <param index="2">
              <value>
                <![CDATA[Hello, Gaurav]]>
              </value>
            </param>
            <param index="3">
              <value>
                <![CDATA[invalidEmail]]>
              </value>
            </param>
            <param index="4">
              <value>
                <![CDATA[invPass123]]>
              </value>
            </param>
            <param index="5">
              <value>
                <![CDATA[8793100405]]>
              </value>
            </param>
            <param index="6">
              <value>
                <![CDATA[1234]]>
              </value>
            </param>
          </params>
          <reporter-output>
          </reporter-output>
        </test-method> <!-- ScenarioFive -->
        <test-method status="PASS" signature="afterMethod()[pri:0, instance:com.amazon.testpage.LoginTest@1060b431]" name="afterMethod" is-config="true" duration-ms="0" started-at="2020-02-06T06:29:35 GMT" finished-at="2020-02-06T06:29:35 GMT">
          <reporter-output>
          </reporter-output>
        </test-method> <!-- afterMethod -->
        <test-method status="PASS" signature="beforeMethod()[pri:0, instance:com.amazon.testpage.LoginTest@1060b431]" name="beforeMethod" is-config="true" duration-ms="1059" started-at="2020-02-06T06:29:35 GMT" finished-at="2020-02-06T06:29:36 GMT">
          <reporter-output>
          </reporter-output>
        </test-method> <!-- beforeMethod -->
        <test-method status="PASS" signature="ScenarioFour()[pri:0, instance:com.amazon.testpage.LoginTest@1060b431]" name="ScenarioFour" duration-ms="1195" started-at="2020-02-06T06:29:36 GMT" finished-at="2020-02-06T06:29:37 GMT">
          <reporter-output>
          </reporter-output>
        </test-method> <!-- ScenarioFour -->
        <test-method status="PASS" signature="afterMethod()[pri:0, instance:com.amazon.testpage.LoginTest@1060b431]" name="afterMethod" is-config="true" duration-ms="1" started-at="2020-02-06T06:29:37 GMT" finished-at="2020-02-06T06:29:37 GMT">
          <reporter-output>
          </reporter-output>
        </test-method> <!-- afterMethod -->
        <test-method status="PASS" signature="beforeMethod()[pri:0, instance:com.amazon.testpage.LoginTest@1060b431]" name="beforeMethod" is-config="true" duration-ms="646" started-at="2020-02-06T06:29:37 GMT" finished-at="2020-02-06T06:29:38 GMT">
          <reporter-output>
          </reporter-output>
        </test-method> <!-- beforeMethod -->
        <test-method status="PASS" signature="ScenarioOne(java.lang.String, java.lang.String, java.lang.String, java.lang.String, java.lang.String, java.lang.String, java.lang.String)[pri:0, instance:com.amazon.testpage.LoginTest@1060b431]" name="ScenarioOne" duration-ms="51535" started-at="2020-02-06T06:29:38 GMT" data-provider="getdatalogin" finished-at="2020-02-06T06:30:29 GMT">
          <params>
            <param index="0">
              <value>
                <![CDATA[g.gaurav2812@gmail.com]]>
              </value>
            </param>
            <param index="1">
              <value>
                <![CDATA[TWF1bGlAMjgxMiQ=]]>
              </value>
            </param>
            <param index="2">
              <value>
                <![CDATA[Hello, Gaurav]]>
              </value>
            </param>
            <param index="3">
              <value>
                <![CDATA[invalidEmail]]>
              </value>
            </param>
            <param index="4">
              <value>
                <![CDATA[invPass123]]>
              </value>
            </param>
            <param index="5">
              <value>
                <![CDATA[8793100405]]>
              </value>
            </param>
            <param index="6">
              <value>
                <![CDATA[1234]]>
              </value>
            </param>
          </params>
          <reporter-output>
          </reporter-output>
        </test-method> <!-- ScenarioOne -->
        <test-method status="PASS" signature="afterMethod()[pri:0, instance:com.amazon.testpage.LoginTest@1060b431]" name="afterMethod" is-config="true" duration-ms="1" started-at="2020-02-06T06:30:29 GMT" finished-at="2020-02-06T06:30:29 GMT">
          <reporter-output>
          </reporter-output>
        </test-method> <!-- afterMethod -->
        <test-method status="PASS" signature="beforeMethod()[pri:0, instance:com.amazon.testpage.LoginTest@1060b431]" name="beforeMethod" is-config="true" duration-ms="656" started-at="2020-02-06T06:30:29 GMT" finished-at="2020-02-06T06:30:30 GMT">
          <reporter-output>
          </reporter-output>
        </test-method> <!-- beforeMethod -->
        <test-method status="PASS" signature="ScenarioSeven(java.lang.String, java.lang.String, java.lang.String, java.lang.String, java.lang.String, java.lang.String, java.lang.String)[pri:0, instance:com.amazon.testpage.LoginTest@1060b431]" name="ScenarioSeven" duration-ms="2048" started-at="2020-02-06T06:30:30 GMT" data-provider="getdatalogin" finished-at="2020-02-06T06:30:32 GMT">
          <params>
            <param index="0">
              <value>
                <![CDATA[g.gaurav2812@gmail.com]]>
              </value>
            </param>
            <param index="1">
              <value>
                <![CDATA[TWF1bGlAMjgxMiQ=]]>
              </value>
            </param>
            <param index="2">
              <value>
                <![CDATA[Hello, Gaurav]]>
              </value>
            </param>
            <param index="3">
              <value>
                <![CDATA[invalidEmail]]>
              </value>
            </param>
            <param index="4">
              <value>
                <![CDATA[invPass123]]>
              </value>
            </param>
            <param index="5">
              <value>
                <![CDATA[8793100405]]>
              </value>
            </param>
            <param index="6">
              <value>
                <![CDATA[1234]]>
              </value>
            </param>
          </params>
          <reporter-output>
          </reporter-output>
        </test-method> <!-- ScenarioSeven -->
        <test-method status="PASS" signature="afterMethod()[pri:0, instance:com.amazon.testpage.LoginTest@1060b431]" name="afterMethod" is-config="true" duration-ms="0" started-at="2020-02-06T06:30:32 GMT" finished-at="2020-02-06T06:30:32 GMT">
          <reporter-output>
          </reporter-output>
        </test-method> <!-- afterMethod -->
        <test-method status="PASS" signature="beforeMethod()[pri:0, instance:com.amazon.testpage.LoginTest@1060b431]" name="beforeMethod" is-config="true" duration-ms="760" started-at="2020-02-06T06:30:32 GMT" finished-at="2020-02-06T06:30:33 GMT">
          <reporter-output>
          </reporter-output>
        </test-method> <!-- beforeMethod -->
        <test-method status="FAIL" signature="ScenarioSix(java.lang.String, java.lang.String, java.lang.String, java.lang.String, java.lang.String, java.lang.String, java.lang.String)[pri:0, instance:com.amazon.testpage.LoginTest@1060b431]" name="ScenarioSix" duration-ms="26830" started-at="2020-02-06T06:30:33 GMT" data-provider="getdatalogin" finished-at="2020-02-06T06:31:00 GMT">
          <params>
            <param index="0">
              <value>
                <![CDATA[g.gaurav2812@gmail.com]]>
              </value>
            </param>
            <param index="1">
              <value>
                <![CDATA[TWF1bGlAMjgxMiQ=]]>
              </value>
            </param>
            <param index="2">
              <value>
                <![CDATA[Hello, Gaurav]]>
              </value>
            </param>
            <param index="3">
              <value>
                <![CDATA[invalidEmail]]>
              </value>
            </param>
            <param index="4">
              <value>
                <![CDATA[invPass123]]>
              </value>
            </param>
            <param index="5">
              <value>
                <![CDATA[8793100405]]>
              </value>
            </param>
            <param index="6">
              <value>
                <![CDATA[1234]]>
              </value>
            </param>
          </params>
          <exception class="org.openqa.selenium.NoSuchElementException">
            <message>
              <![CDATA[no such element: Unable to locate element: {"method":"xpath","selector":"//a[@id='nav-link-accountList']/span[contains(text(),'Hello,')]"}
  (Session info: chrome=79.0.3945.130)
For documentation on this error, please visit: https://www.seleniumhq.org/exceptions/no_such_element.html
Build info: version: '3.141.59', revision: 'e82be7d358', time: '2018-11-14T08:17:03'
System info: host: 'PDCDT01GY4ZVQ1', ip: '192.168.2.6', os.name: 'Windows 7', os.arch: 'amd64', os.version: '6.1', java.version: '1.8.0_231'
Driver info: org.openqa.selenium.chrome.ChromeDriver
Capabilities {acceptInsecureCerts: false, browserName: chrome, browserVersion: 79.0.3945.130, chrome: {chromedriverVersion: 78.0.3904.70 (edb9c9f3de024..., userDataDir: C:\Users\P10444~1.PDC\AppDa...}, goog:chromeOptions: {debuggerAddress: localhost:55195}, javascriptEnabled: true, networkConnectionEnabled: false, pageLoadStrategy: normal, platform: XP, platformName: XP, proxy: Proxy(), setWindowRect: true, strictFileInteractability: false, timeouts: {implicit: 0, pageLoad: 300000, script: 30000}, unhandledPromptBehavior: dismiss and notify}
Session ID: edc73d2b1dd6de93814e54e97b11837b
*** Element info: {Using=xpath, value=//a[@id='nav-link-accountList']/span[contains(text(),'Hello,')]}]]>
            </message>
            <full-stacktrace>
              <![CDATA[org.openqa.selenium.NoSuchElementException: no such element: Unable to locate element: {"method":"xpath","selector":"//a[@id='nav-link-accountList']/span[contains(text(),'Hello,')]"}
  (Session info: chrome=79.0.3945.130)
For documentation on this error, please visit: https://www.seleniumhq.org/exceptions/no_such_element.html
Build info: version: '3.141.59', revision: 'e82be7d358', time: '2018-11-14T08:17:03'
System info: host: 'PDCDT01GY4ZVQ1', ip: '192.168.2.6', os.name: 'Windows 7', os.arch: 'amd64', os.version: '6.1', java.version: '1.8.0_231'
Driver info: org.openqa.selenium.chrome.ChromeDriver
Capabilities {acceptInsecureCerts: false, browserName: chrome, browserVersion: 79.0.3945.130, chrome: {chromedriverVersion: 78.0.3904.70 (edb9c9f3de024..., userDataDir: C:\Users\P10444~1.PDC\AppDa...}, goog:chromeOptions: {debuggerAddress: localhost:55195}, javascriptEnabled: true, networkConnectionEnabled: false, pageLoadStrategy: normal, platform: XP, platformName: XP, proxy: Proxy(), setWindowRect: true, strictFileInteractability: false, timeouts: {implicit: 0, pageLoad: 300000, script: 30000}, unhandledPromptBehavior: dismiss and notify}
Session ID: edc73d2b1dd6de93814e54e97b11837b
*** Element info: {Using=xpath, value=//a[@id='nav-link-accountList']/span[contains(text(),'Hello,')]}
at sun.reflect.NativeConstructorAccessorImpl.newInstance0(Native Method)
at sun.reflect.NativeConstructorAccessorImpl.newInstance(Unknown Source)
at sun.reflect.DelegatingConstructorAccessorImpl.newInstance(Unknown Source)
at java.lang.reflect.Constructor.newInstance(Unknown Source)
at org.openqa.selenium.remote.http.W3CHttpResponseCodec.createException(W3CHttpResponseCodec.java:187)
at org.openqa.selenium.remote.http.W3CHttpResponseCodec.decode(W3CHttpResponseCodec.java:122)
at org.openqa.selenium.remote.http.W3CHttpResponseCodec.decode(W3CHttpResponseCodec.java:49)
at org.openqa.selenium.remote.HttpCommandExecutor.execute(HttpCommandExecutor.java:158)
at org.openqa.selenium.remote.service.DriverCommandExecutor.execute(DriverCommandExecutor.java:83)
at org.openqa.selenium.remote.RemoteWebDriver.execute(RemoteWebDriver.java:552)
at org.openqa.selenium.remote.RemoteWebDriver.findElement(RemoteWebDriver.java:323)
at org.openqa.selenium.remote.RemoteWebDriver.findElementByXPath(RemoteWebDriver.java:428)
at org.openqa.selenium.By$ByXPath.findElement(By.java:353)
at org.openqa.selenium.remote.RemoteWebDriver.findElement(RemoteWebDriver.java:315)
at org.openqa.selenium.support.pagefactory.DefaultElementLocator.findElement(DefaultElementLocator.java:69)
at org.openqa.selenium.support.pagefactory.internal.LocatingElementHandler.invoke(LocatingElementHandler.java:38)
at com.sun.proxy.$Proxy12.getText(Unknown Source)
at com.amazon.pages.VerifyUserLoggedInPage.Verifylogin(VerifyUserLoggedInPage.java:36)
at com.amazon.testpage.LoginTest.ScenarioSix(LoginTest.java:348)
at sun.reflect.NativeMethodAccessorImpl.invoke0(Native Method)
at sun.reflect.NativeMethodAccessorImpl.invoke(Unknown Source)
at sun.reflect.DelegatingMethodAccessorImpl.invoke(Unknown Source)
at java.lang.reflect.Method.invoke(Unknown Source)
at org.testng.internal.MethodInvocationHelper.invokeMethod(MethodInvocationHelper.java:134)
at org.testng.internal.TestInvoker.invokeMethod(TestInvoker.java:597)
at org.testng.internal.TestInvoker.invokeTestMethod(TestInvoker.java:173)
at org.testng.internal.MethodRunner.runInSequence(MethodRunner.java:46)
at org.testng.internal.TestInvoker$MethodInvocationAgent.invoke(TestInvoker.java:816)
at org.testng.internal.TestInvoker.invokeTestMethods(TestInvoker.java:146)
at org.testng.internal.TestMethodWorker.invokeTestMethods(TestMethodWorker.java:146)
at org.testng.internal.TestMethodWorker.run(TestMethodWorker.java:128)
at java.util.ArrayList.forEach(Unknown Source)
at org.testng.TestRunner.privateRun(TestRunner.java:766)
at org.testng.TestRunner.run(TestRunner.java:587)
at org.testng.SuiteRunner.runTest(SuiteRunner.java:384)
at org.testng.SuiteRunner.runSequentially(SuiteRunner.java:378)
at org.testng.SuiteRunner.privateRun(SuiteRunner.java:337)
at org.testng.SuiteRunner.run(SuiteRunner.java:286)
at org.testng.SuiteRunnerWorker.runSuite(SuiteRunnerWorker.java:53)
at org.testng.SuiteRunnerWorker.run(SuiteRunnerWorker.java:96)
at org.testng.TestNG.runSuitesSequentially(TestNG.java:1187)
at org.testng.TestNG.runSuitesLocally(TestNG.java:1109)
at org.testng.TestNG.runSuites(TestNG.java:1039)
at org.testng.TestNG.run(TestNG.java:1007)
at org.testng.remote.AbstractRemoteTestNG.run(AbstractRemoteTestNG.java:115)
at org.testng.remote.RemoteTestNG.initAndRun(RemoteTestNG.java:251)
at org.testng.remote.RemoteTestNG.main(RemoteTestNG.java:77)
]]>
            </full-stacktrace>
          </exception> <!-- org.openqa.selenium.NoSuchElementException -->
          <reporter-output>
          </reporter-output>
        </test-method> <!-- ScenarioSix -->
        <test-method status="PASS" signature="afterMethod()[pri:0, instance:com.amazon.testpage.LoginTest@1060b431]" name="afterMethod" is-config="true" duration-ms="5" started-at="2020-02-06T06:31:00 GMT" finished-at="2020-02-06T06:31:00 GMT">
          <reporter-output>
          </reporter-output>
        </test-method> <!-- afterMethod -->
        <test-method status="PASS" signature="beforeMethod()[pri:0, instance:com.amazon.testpage.LoginTest@1060b431]" name="beforeMethod" is-config="true" duration-ms="1248" started-at="2020-02-06T06:31:00 GMT" finished-at="2020-02-06T06:31:01 GMT">
          <reporter-output>
          </reporter-output>
        </test-method> <!-- beforeMethod -->
        <test-method status="PASS" signature="ScenarioThree(java.lang.String, java.lang.String, java.lang.String, java.lang.String, java.lang.String, java.lang.String, java.lang.String)[pri:0, instance:com.amazon.testpage.LoginTest@1060b431]" name="ScenarioThree" duration-ms="10698" started-at="2020-02-06T06:31:01 GMT" data-provider="getdatalogin" finished-at="2020-02-06T06:31:12 GMT">
          <params>
            <param index="0">
              <value>
                <![CDATA[g.gaurav2812@gmail.com]]>
              </value>
            </param>
            <param index="1">
              <value>
                <![CDATA[TWF1bGlAMjgxMiQ=]]>
              </value>
            </param>
            <param index="2">
              <value>
                <![CDATA[Hello, Gaurav]]>
              </value>
            </param>
            <param index="3">
              <value>
                <![CDATA[invalidEmail]]>
              </value>
            </param>
            <param index="4">
              <value>
                <![CDATA[invPass123]]>
              </value>
            </param>
            <param index="5">
              <value>
                <![CDATA[8793100405]]>
              </value>
            </param>
            <param index="6">
              <value>
                <![CDATA[1234]]>
              </value>
            </param>
          </params>
          <reporter-output>
          </reporter-output>
        </test-method> <!-- ScenarioThree -->
        <test-method status="PASS" signature="afterMethod()[pri:0, instance:com.amazon.testpage.LoginTest@1060b431]" name="afterMethod" is-config="true" duration-ms="0" started-at="2020-02-06T06:31:12 GMT" finished-at="2020-02-06T06:31:12 GMT">
          <reporter-output>
          </reporter-output>
        </test-method> <!-- afterMethod -->
        <test-method status="PASS" signature="beforeMethod()[pri:0, instance:com.amazon.testpage.LoginTest@1060b431]" name="beforeMethod" is-config="true" duration-ms="809" started-at="2020-02-06T06:31:12 GMT" finished-at="2020-02-06T06:31:13 GMT">
          <reporter-output>
          </reporter-output>
        </test-method> <!-- beforeMethod -->
        <test-method status="PASS" signature="ScenarioTwo(java.lang.String, java.lang.String, java.lang.String, java.lang.String, java.lang.String, java.lang.String, java.lang.String)[pri:0, instance:com.amazon.testpage.LoginTest@1060b431]" name="ScenarioTwo" duration-ms="4539" started-at="2020-02-06T06:31:13 GMT" data-provider="getdatalogin" finished-at="2020-02-06T06:31:17 GMT">
          <params>
            <param index="0">
              <value>
                <![CDATA[g.gaurav2812@gmail.com]]>
              </value>
            </param>
            <param index="1">
              <value>
                <![CDATA[TWF1bGlAMjgxMiQ=]]>
              </value>
            </param>
            <param index="2">
              <value>
                <![CDATA[Hello, Gaurav]]>
              </value>
            </param>
            <param index="3">
              <value>
                <![CDATA[invalidEmail]]>
              </value>
            </param>
            <param index="4">
              <value>
                <![CDATA[invPass123]]>
              </value>
            </param>
            <param index="5">
              <value>
                <![CDATA[8793100405]]>
              </value>
            </param>
            <param index="6">
              <value>
                <![CDATA[1234]]>
              </value>
            </param>
          </params>
          <reporter-output>
          </reporter-output>
        </test-method> <!-- ScenarioTwo -->
        <test-method status="PASS" signature="afterMethod()[pri:0, instance:com.amazon.testpage.LoginTest@1060b431]" name="afterMethod" is-config="true" duration-ms="1" started-at="2020-02-06T06:31:17 GMT" finished-at="2020-02-06T06:31:17 GMT">
          <reporter-output>
          </reporter-output>
        </test-method> <!-- afterMethod -->
        <test-method status="PASS" signature="afterClass()[pri:0, instance:com.amazon.testpage.LoginTest@1060b431]" name="afterClass" is-config="true" duration-ms="8698" started-at="2020-02-06T06:31:17 GMT" finished-at="2020-02-06T06:31:26 GMT">
          <reporter-output>
          </reporter-output>
        </test-method> <!-- afterClass -->
      </class> <!-- com.amazon.testpage.LoginTest -->
    </test> <!-- Default test -->
  </suite> <!-- Default suite -->
</testng-results>
